# JRE version: Java(TM) SE Runtime Environment (8.0_201-b09) (build 1.8.0_201-b09)
# Java VM: Java HotSpot(TM) 64-Bit Server VM (25.201-b09 mixed mode windows-amd64 compressed oops)
Heap:
 PSYoungGen      total 445440K, used 349500K [0x00000000d6000000, 0x00000000f3680000, 0x0000000100000000)
  eden space 428544K, 81% used [0x00000000d6000000,0x00000000eb54f1e0,0x00000000f0280000)
  from space 16896K, 0% used [0x00000000f2600000,0x00000000f2600000,0x00000000f3680000)
  to   space 23552K, 0% used [0x00000000f0880000,0x00000000f0880000,0x00000000f1f80000)
 ParOldGen       total 126464K, used 31647K [0x0000000082000000, 0x0000000089b80000, 0x00000000d6000000)
  object space 126464K, 25% used [0x0000000082000000,0x0000000083ee7c70,0x0000000089b80000)
 Metaspace       used 59043K, capacity 61700K, committed 61952K, reserved 1103872K
  class space    used 7672K, capacity 8114K, committed 8192K, reserved 1048576K
GC Heap History (10 events):
Event: 15.281 GC heap before
{Heap before GC invocations=9 (full 2):
 PSYoungGen      total 269312K, used 10738K [0x00000000d6000000, 0x00000000edc80000, 0x0000000100000000)
  eden space 258560K, 0% used [0x00000000d6000000,0x00000000d6000000,0x00000000e5c80000)
  from space 10752K, 99% used [0x00000000e5c80000,0x00000000e66fcbc8,0x00000000e6700000)
  to   space 16384K, 0% used [0x00000000ecc80000,0x00000000ecc80000,0x00000000edc80000)
 ParOldGen       total 52736K, used 14460K [0x0000000082000000, 0x0000000085380000, 0x00000000d6000000)
  object space 52736K, 27% used [0x0000000082000000,0x0000000082e1f2b8,0x0000000085380000)
 Metaspace       used 33861K, capacity 35378K, committed 35496K, reserved 1081344K
  class space    used 4304K, capacity 4589K, committed 4608K, reserved 1048576K
Event: 15.487 GC heap after
Heap after GC invocations=9 (full 2):
 PSYoungGen      total 269312K, used 0K [0x00000000d6000000, 0x00000000edc80000, 0x0000000100000000)
  eden space 258560K, 0% used [0x00000000d6000000,0x00000000d6000000,0x00000000e5c80000)
  from space 10752K, 0% used [0x00000000e5c80000,0x00000000e5c80000,0x00000000e6700000)
  to   space 16384K, 0% used [0x00000000ecc80000,0x00000000ecc80000,0x00000000edc80000)
 ParOldGen       total 93184K, used 22385K [0x0000000082000000, 0x0000000087b00000, 0x00000000d6000000)
  object space 93184K, 24% used [0x0000000082000000,0x00000000835dc5b0,0x0000000087b00000)
 Metaspace       used 33861K, capacity 35378K, committed 35496K, reserved 1081344K
  class space    used 4304K, capacity 4589K, committed 4608K, reserved 1048576K
}
Event: 19.209 GC heap before
{Heap before GC invocations=10 (full 2):
 PSYoungGen      total 269312K, used 258560K [0x00000000d6000000, 0x00000000edc80000, 0x0000000100000000)
  eden space 258560K, 100% used [0x00000000d6000000,0x00000000e5c80000,0x00000000e5c80000)
  from space 10752K, 0% used [0x00000000e5c80000,0x00000000e5c80000,0x00000000e6700000)
  to   space 16384K, 0% used [0x00000000ecc80000,0x00000000ecc80000,0x00000000edc80000)
 ParOldGen       total 93184K, used 22385K [0x0000000082000000, 0x0000000087b00000, 0x00000000d6000000)
  object space 93184K, 24% used [0x0000000082000000,0x00000000835dc5b0,0x0000000087b00000)
 Metaspace       used 44210K, capacity 45904K, committed 46080K, reserved 1089536K
  class space    used 5722K, capacity 6062K, committed 6144K, reserved 1048576K
Event: 19.225 GC heap after
Heap after GC invocations=10 (full 2):
 PSYoungGen      total 372224K, used 12410K [0x00000000d6000000, 0x00000000ef000000, 0x0000000100000000)
  eden space 355840K, 0% used [0x00000000d6000000,0x00000000d6000000,0x00000000ebb80000)
  from space 16384K, 75% used [0x00000000ecc80000,0x00000000ed89e898,0x00000000edc80000)
  to   space 17408K, 0% used [0x00000000ebb80000,0x00000000ebb80000,0x00000000ecc80000)
 ParOldGen       total 93184K, used 22393K [0x0000000082000000, 0x0000000087b00000, 0x00000000d6000000)
  object space 93184K, 24% used [0x0000000082000000,0x00000000835de5b0,0x0000000087b00000)
 Metaspace       used 44210K, capacity 45904K, committed 46080K, reserved 1089536K
  class space    used 5722K, capacity 6062K, committed 6144K, reserved 1048576K
}
Event: 26.443 GC heap before
{Heap before GC invocations=11 (full 2):
 PSYoungGen      total 372224K, used 368250K [0x00000000d6000000, 0x00000000ef000000, 0x0000000100000000)
  eden space 355840K, 100% used [0x00000000d6000000,0x00000000ebb80000,0x00000000ebb80000)
  from space 16384K, 75% used [0x00000000ecc80000,0x00000000ed89e898,0x00000000edc80000)
  to   space 17408K, 0% used [0x00000000ebb80000,0x00000000ebb80000,0x00000000ecc80000)
 ParOldGen       total 93184K, used 22393K [0x0000000082000000, 0x0000000087b00000, 0x00000000d6000000)
  object space 93184K, 24% used [0x0000000082000000,0x00000000835de5b0,0x0000000087b00000)
 Metaspace       used 54725K, capacity 57304K, committed 57600K, reserved 1099776K
  class space    used 7169K, capacity 7610K, committed 7680K, reserved 1048576K
Event: 26.480 GC heap after
Heap after GC invocations=11 (full 2):
 PSYoungGen      total 373248K, used 17377K [0x00000000d6000000, 0x00000000f3c00000, 0x0000000100000000)
  eden space 355840K, 0% used [0x00000000d6000000,0x00000000d6000000,0x00000000ebb80000)
  from space 17408K, 99% used [0x00000000ebb80000,0x00000000ecc78488,0x00000000ecc80000)
  to   space 22528K, 0% used [0x00000000f2600000,0x00000000f2600000,0x00000000f3c00000)
 ParOldGen       total 93184K, used 28366K [0x0000000082000000, 0x0000000087b00000, 0x00000000d6000000)
  object space 93184K, 30% used [0x0000000082000000,0x0000000083bb3b48,0x0000000087b00000)
 Metaspace       used 54725K, capacity 57304K, committed 57600K, reserved 1099776K
  class space    used 7169K, capacity 7610K, committed 7680K, reserved 1048576K
}
Event: 125.939 GC heap before
{Heap before GC invocations=12 (full 2):
 PSYoungGen      total 373248K, used 71158K [0x00000000d6000000, 0x00000000f3c00000, 0x0000000100000000)
  eden space 355840K, 15% used [0x00000000d6000000,0x00000000d94855e0,0x00000000ebb80000)
  from space 17408K, 99% used [0x00000000ebb80000,0x00000000ecc78488,0x00000000ecc80000)
  to   space 22528K, 0% used [0x00000000f2600000,0x00000000f2600000,0x00000000f3c00000)
 ParOldGen       total 93184K, used 28366K [0x0000000082000000, 0x0000000087b00000, 0x00000000d6000000)
  object space 93184K, 30% used [0x0000000082000000,0x0000000083bb3b48,0x0000000087b00000)
 Metaspace       used 56371K, capacity 58980K, committed 59136K, reserved 1099776K
  class space    used 7376K, capacity 7830K, committed 7936K, reserved 1048576K
Event: 125.985 GC heap after
Heap after GC invocations=12 (full 2):
 PSYoungGen      total 445440K, used 16511K [0x00000000d6000000, 0x00000000f3680000, 0x0000000100000000)
  eden space 428544K, 0% used [0x00000000d6000000,0x00000000d6000000,0x00000000f0280000)
  from space 16896K, 97% used [0x00000000f2600000,0x00000000f361ffe0,0x00000000f3680000)
  to   space 23552K, 0% used [0x00000000f0880000,0x00000000f0880000,0x00000000f1f80000)
 ParOldGen       total 93184K, used 28374K [0x0000000082000000, 0x0000000087b00000, 0x00000000d6000000)
  object space 93184K, 30% used [0x0000000082000000,0x0000000083bb5b48,0x0000000087b00000)
 Metaspace       used 56371K, capacity 58980K, committed 59136K, reserved 1099776K
  class space    used 7376K, capacity 7830K, committed 7936K, reserved 1048576K
}
Event: 125.985 GC heap before
{Heap before GC invocations=13 (full 3):
 PSYoungGen      total 445440K, used 16511K [0x00000000d6000000, 0x00000000f3680000, 0x0000000100000000)
  eden space 428544K, 0% used [0x00000000d6000000,0x00000000d6000000,0x00000000f0280000)
  from space 16896K, 97% used [0x00000000f2600000,0x00000000f361ffe0,0x00000000f3680000)
  to   space 23552K, 0% used [0x00000000f0880000,0x00000000f0880000,0x00000000f1f80000)
 ParOldGen       total 93184K, used 28374K [0x0000000082000000, 0x0000000087b00000, 0x00000000d6000000)
  object space 93184K, 30% used [0x0000000082000000,0x0000000083bb5b48,0x0000000087b00000)
 Metaspace       used 56371K, capacity 58980K, committed 59136K, reserved 1099776K
  class space    used 7376K, capacity 7830K, committed 7936K, reserved 1048576K
Event: 126.391 GC heap after
Heap after GC invocations=13 (full 3):
 PSYoungGen      total 445440K, used 0K [0x00000000d6000000, 0x00000000f3680000, 0x0000000100000000)
  eden space 428544K, 0% used [0x00000000d6000000,0x00000000d6000000,0x00000000f0280000)
  from space 16896K, 0% used [0x00000000f2600000,0x00000000f2600000,0x00000000f3680000)
  to   space 23552K, 0% used [0x00000000f0880000,0x00000000f0880000,0x00000000f1f80000)
 ParOldGen       total 126464K, used 31647K [0x0000000082000000, 0x0000000089b80000, 0x00000000d6000000)
  object space 126464K, 25% used [0x0000000082000000,0x0000000083ee7c70,0x0000000089b80000)
 Metaspace       used 56371K, capacity 58980K, committed 59136K, reserved 1099776K
  class space    used 7376K, capacity 7830K, committed 7936K, reserved 1048576K
}

